<?xml version="1.0" encoding="UTF-8"?>
<!-- Generated by org.testng.reporters.JUnitXMLReporter -->
<testsuite ignored="0" hostname="IN2-1028565LT" failures="0" tests="4" name="Default test" time="4.772" errors="0" timestamp="2021-01-19T02:05:05 IST">
  <testcase classname="Academy.ClassOne" name="GetAllBeersBrewedBeforeCertainDate" time="3.342"/>
  <testcase classname="Academy.ClassOne" name="getAllBeers" time="0.488"/>
  <testcase classname="Academy.ClassOne" name="getAllBeersAboveABV" time="0.465"/>
  <testcase classname="Academy.ClassOne" name="verifyPagination" time="0.432"/>
</testsuite> <!-- Default test -->
