<?xml version="1.0" encoding="UTF-8"?>
<testsuite xmlns:xsi="http://www.w3.org/2001/XMLSchema-instance" xsi:noNamespaceSchemaLocation="https://maven.apache.org/surefire/maven-surefire-plugin/xsd/surefire-test-report.xsd" name="TestSuite" time="16.489" tests="2" errors="0" skipped="0" failures="2">
  <properties>
[...]
</properties>
  <testcase name="GetAllBeersBrewedBeforeCertainDate" classname="Academy.ClassOne" time="7.854">
    <failure message="Connection refused: connect" type="java.net.ConnectException">java.net.ConnectException: Connection refused: connect
	at Academy.ClassOne.GetAllBeersBrewedBeforeCertainDate(ClassOne.java:88)
</failure>
  </testcase>
  <testcase name="verifyPagination" classname="Academy.ClassOne" time="4.028">
    <failure message="Connection refused: connect" type="java.net.ConnectException">java.net.ConnectException: Connection refused: connect
	at Academy.ClassOne.verifyPagination(ClassOne.java:71)
</failure>
  </testcase>
</testsuite>